

*******************************************************************************
Tue Mar 17 23:04:50 2020


FIT:    data read from data using 1:col
        format = x:z
        x range restricted to [-54.0000 : 1.00000]
        #datapoints = 55
        residuals are weighted equally (unit weight)

function used for fitting: f(x)
	f(x)=a * exp(b * x)
fitted parameters initialized with current variable values

iter      chisq       delta/lim  lambda   a             b            
   0 4.8144208254e+01   0.00e+00  3.10e+00    1.700000e+01   2.400000e-01
   4 6.0337706118e+00  -2.94e-11  3.10e+04    1.693441e+01   3.588511e-01

After 4 iterations the fit converged.
final sum of squares of residuals : 6.03377
rel. change during last iteration : -2.94402e-16

degrees of freedom    (FIT_NDF)                        : 53
rms of residuals      (FIT_STDFIT) = sqrt(WSSR/ndf)    : 0.337409
variance of residuals (reduced chisquare) = WSSR/ndf   : 0.113845

Final set of parameters            Asymptotic Standard Error
=======================            ==========================
a               = 16.9344          +/- 0.2946       (1.739%)
b               = 0.358851         +/- 0.01046      (2.916%)

correlation matrix of the fit parameters:
                a      b      
a               1.000 
b               0.573  1.000 


*******************************************************************************
Tue Mar 17 23:04:50 2020


FIT:    data read from data using 1:col
        format = x:z
        x range restricted to [-54.0000 : 1.00000]
        #datapoints = 55
        residuals are weighted equally (unit weight)

function used for fitting: f2(x)
	f2(x)=a2 * exp(log(2)/2 * x)
fitted parameters initialized with current variable values

iter      chisq       delta/lim  lambda   a2           
   0 5.0107968978e+02   0.00e+00  1.91e-01    1.000000e+00
   3 6.2090100612e+00  -8.40e-05  1.91e-04    1.673008e+01

After 3 iterations the fit converged.
final sum of squares of residuals : 6.20901
rel. change during last iteration : -8.39866e-10

degrees of freedom    (FIT_NDF)                        : 54
rms of residuals      (FIT_STDFIT) = sqrt(WSSR/ndf)    : 0.339089
variance of residuals (reduced chisquare) = WSSR/ndf   : 0.114982

Final set of parameters            Asymptotic Standard Error
=======================            ==========================
a2              = 16.7301          +/- 0.2398       (1.433%)


*******************************************************************************
Tue Mar 17 23:04:50 2020


FIT:    data read from data using 1:col
        format = x:z
        x range restricted to [-54.0000 : 1.00000]
        #datapoints = 55
        residuals are weighted equally (unit weight)

function used for fitting: f3(x)
	f3(x)=a3 * exp(log(2)/3 * x)
fitted parameters initialized with current variable values

iter      chisq       delta/lim  lambda   a3           
   0 4.9283702968e+02   0.00e+00  2.22e-01    1.000000e+00
   3 3.3554214677e+01  -1.44e-05  2.22e-04    1.403659e+01

After 3 iterations the fit converged.
final sum of squares of residuals : 33.5542
rel. change during last iteration : -1.44236e-10

degrees of freedom    (FIT_NDF)                        : 54
rms of residuals      (FIT_STDFIT) = sqrt(WSSR/ndf)    : 0.788273
variance of residuals (reduced chisquare) = WSSR/ndf   : 0.621374

Final set of parameters            Asymptotic Standard Error
=======================            ==========================
a3              = 14.0366          +/- 0.4795       (3.416%)


*******************************************************************************
Tue Mar 17 23:04:50 2020


FIT:    data read from data using 1:col
        format = x:z
        x range restricted to [-54.0000 : 1.00000]
        #datapoints = 55
        residuals are weighted equally (unit weight)

function used for fitting: f(x)
	f(x)=a * exp(b * x)
fitted parameters initialized with current variable values

iter      chisq       delta/lim  lambda   a             b            
   0 1.2491531425e+05   0.00e+00  3.94e+02    2.158000e+03   2.400000e-01
   4 6.0518901478e+04  -8.28e-02  3.94e-02    2.233202e+03   2.242120e-01

After 4 iterations the fit converged.
final sum of squares of residuals : 60518.9
rel. change during last iteration : -8.28497e-07

degrees of freedom    (FIT_NDF)                        : 53
rms of residuals      (FIT_STDFIT) = sqrt(WSSR/ndf)    : 33.7915
variance of residuals (reduced chisquare) = WSSR/ndf   : 1141.87

Final set of parameters            Asymptotic Standard Error
=======================            ==========================
a               = 2233.2           +/- 26.01        (1.165%)
b               = 0.224212         +/- 0.004117     (1.836%)

correlation matrix of the fit parameters:
                a      b      
a               1.000 
b               0.624  1.000 


*******************************************************************************
Tue Mar 17 23:04:50 2020


FIT:    data read from data using 1:col
        format = x:z
        x range restricted to [-54.0000 : 1.00000]
        #datapoints = 55
        residuals are weighted equally (unit weight)

function used for fitting: f2(x)
	f2(x)=a2 * exp(log(2)/2 * x)
fitted parameters initialized with current variable values

iter      chisq       delta/lim  lambda   a2           
   0 1.3690566840e+07   0.00e+00  3.19e+00    1.673008e+01
   3 7.3390327792e+05  -1.86e-05  3.19e-03    2.561987e+03

After 3 iterations the fit converged.
final sum of squares of residuals : 733903
rel. change during last iteration : -1.86035e-10

degrees of freedom    (FIT_NDF)                        : 54
rms of residuals      (FIT_STDFIT) = sqrt(WSSR/ndf)    : 116.58
variance of residuals (reduced chisquare) = WSSR/ndf   : 13590.8

Final set of parameters            Asymptotic Standard Error
=======================            ==========================
a2              = 2561.99          +/- 82.43        (3.218%)


*******************************************************************************
Tue Mar 17 23:04:50 2020


FIT:    data read from data using 1:col
        format = x:z
        x range restricted to [-54.0000 : 1.00000]
        #datapoints = 55
        residuals are weighted equally (unit weight)

function used for fitting: f3(x)
	f3(x)=a3 * exp(log(2)/3 * x)
fitted parameters initialized with current variable values

iter      chisq       delta/lim  lambda   a3           
   0 1.3690565242e+07   0.00e+00  3.11e+00    1.403659e+01
   3 6.3847179450e+04  -2.25e-04  3.11e-03    2.259571e+03

After 3 iterations the fit converged.
final sum of squares of residuals : 63847.2
rel. change during last iteration : -2.249e-09

degrees of freedom    (FIT_NDF)                        : 54
rms of residuals      (FIT_STDFIT) = sqrt(WSSR/ndf)    : 34.3854
variance of residuals (reduced chisquare) = WSSR/ndf   : 1182.36

Final set of parameters            Asymptotic Standard Error
=======================            ==========================
a3              = 2259.57          +/- 20.92        (0.9257%)


*******************************************************************************
Tue Mar 17 23:04:50 2020


FIT:    data read from data using 1:col
        format = x:z
        x range restricted to [-54.0000 : 1.00000]
        #datapoints = 55
        residuals are weighted equally (unit weight)

function used for fitting: f(x)
	f(x)=a * exp(b * x)
fitted parameters initialized with current variable values

iter      chisq       delta/lim  lambda   a             b            
   0 1.7327009345e+04   0.00e+00  6.24e+01    3.420000e+02   2.400000e-01
   5 3.2671436505e+03  -6.58e-04  6.24e+01    3.660827e+02   3.596052e-01

After 5 iterations the fit converged.
final sum of squares of residuals : 3267.14
rel. change during last iteration : -6.57591e-09

degrees of freedom    (FIT_NDF)                        : 53
rms of residuals      (FIT_STDFIT) = sqrt(WSSR/ndf)    : 7.85138
variance of residuals (reduced chisquare) = WSSR/ndf   : 61.6442

Final set of parameters            Asymptotic Standard Error
=======================            ==========================
a               = 366.083          +/- 6.858        (1.873%)
b               = 0.359605         +/- 0.0113       (3.141%)

correlation matrix of the fit parameters:
                a      b      
a               1.000 
b               0.572  1.000 


*******************************************************************************
Tue Mar 17 23:04:50 2020


FIT:    data read from data using 1:col
        format = x:z
        x range restricted to [-54.0000 : 1.00000]
        #datapoints = 55
        residuals are weighted equally (unit weight)

function used for fitting: f2(x)
	f2(x)=a2 * exp(log(2)/2 * x)
fitted parameters initialized with current variable values

iter      chisq       delta/lim  lambda   a2           
   0 9.6885648635e+06   0.00e+00  4.89e+02    2.561987e+03
   3 3.3631821785e+03  -3.03e-03  4.89e-01    3.613958e+02

After 3 iterations the fit converged.
final sum of squares of residuals : 3363.18
rel. change during last iteration : -3.03458e-08

degrees of freedom    (FIT_NDF)                        : 54
rms of residuals      (FIT_STDFIT) = sqrt(WSSR/ndf)    : 7.89184
variance of residuals (reduced chisquare) = WSSR/ndf   : 62.2812

Final set of parameters            Asymptotic Standard Error
=======================            ==========================
a2              = 361.396          +/- 5.58         (1.544%)


*******************************************************************************
Tue Mar 17 23:04:50 2020


FIT:    data read from data using 1:col
        format = x:z
        x range restricted to [-54.0000 : 1.00000]
        #datapoints = 55
        residuals are weighted equally (unit weight)

function used for fitting: f3(x)
	f3(x)=a3 * exp(log(2)/3 * x)
fitted parameters initialized with current variable values

iter      chisq       delta/lim  lambda   a3           
   0 1.0362375569e+07   0.00e+00  5.01e+02    2.259571e+03
   3 1.6552214030e+04  -6.59e-04  5.01e-01    3.029504e+02

After 3 iterations the fit converged.
final sum of squares of residuals : 16552.2
rel. change during last iteration : -6.58642e-09

degrees of freedom    (FIT_NDF)                        : 54
rms of residuals      (FIT_STDFIT) = sqrt(WSSR/ndf)    : 17.5078
variance of residuals (reduced chisquare) = WSSR/ndf   : 306.522

Final set of parameters            Asymptotic Standard Error
=======================            ==========================
a3              = 302.95           +/- 10.65        (3.515%)


*******************************************************************************
Tue Mar 17 23:07:00 2020


FIT:    data read from data using 1:col
        format = x:z
        x range restricted to [-54.0000 : 1.00000]
        #datapoints = 55
        residuals are weighted equally (unit weight)

function used for fitting: f(x)
	f(x)=a * exp(b * x)
fitted parameters initialized with current variable values

iter      chisq       delta/lim  lambda   a             b            
   0 4.8144208254e+01   0.00e+00  3.10e+00    1.700000e+01   2.400000e-01
   4 6.0337706118e+00  -2.94e-11  3.10e+04    1.693441e+01   3.588511e-01

After 4 iterations the fit converged.
final sum of squares of residuals : 6.03377
rel. change during last iteration : -2.94402e-16

degrees of freedom    (FIT_NDF)                        : 53
rms of residuals      (FIT_STDFIT) = sqrt(WSSR/ndf)    : 0.337409
variance of residuals (reduced chisquare) = WSSR/ndf   : 0.113845

Final set of parameters            Asymptotic Standard Error
=======================            ==========================
a               = 16.9344          +/- 0.2946       (1.739%)
b               = 0.358851         +/- 0.01046      (2.916%)

correlation matrix of the fit parameters:
                a      b      
a               1.000 
b               0.573  1.000 


*******************************************************************************
Tue Mar 17 23:07:00 2020


FIT:    data read from data using 1:col
        format = x:z
        x range restricted to [-54.0000 : 1.00000]
        #datapoints = 55
        residuals are weighted equally (unit weight)

function used for fitting: f2(x)
	f2(x)=a2 * exp(log(2)/2 * x)
fitted parameters initialized with current variable values

iter      chisq       delta/lim  lambda   a2           
   0 5.0107968978e+02   0.00e+00  1.91e-01    1.000000e+00
   3 6.2090100612e+00  -8.40e-05  1.91e-04    1.673008e+01

After 3 iterations the fit converged.
final sum of squares of residuals : 6.20901
rel. change during last iteration : -8.39866e-10

degrees of freedom    (FIT_NDF)                        : 54
rms of residuals      (FIT_STDFIT) = sqrt(WSSR/ndf)    : 0.339089
variance of residuals (reduced chisquare) = WSSR/ndf   : 0.114982

Final set of parameters            Asymptotic Standard Error
=======================            ==========================
a2              = 16.7301          +/- 0.2398       (1.433%)


*******************************************************************************
Tue Mar 17 23:07:00 2020


FIT:    data read from data using 1:col
        format = x:z
        x range restricted to [-54.0000 : 1.00000]
        #datapoints = 55
        residuals are weighted equally (unit weight)

function used for fitting: f3(x)
	f3(x)=a3 * exp(log(2)/3 * x)
fitted parameters initialized with current variable values

iter      chisq       delta/lim  lambda   a3           
   0 4.9283702968e+02   0.00e+00  2.22e-01    1.000000e+00
   3 3.3554214677e+01  -1.44e-05  2.22e-04    1.403659e+01

After 3 iterations the fit converged.
final sum of squares of residuals : 33.5542
rel. change during last iteration : -1.44236e-10

degrees of freedom    (FIT_NDF)                        : 54
rms of residuals      (FIT_STDFIT) = sqrt(WSSR/ndf)    : 0.788273
variance of residuals (reduced chisquare) = WSSR/ndf   : 0.621374

Final set of parameters            Asymptotic Standard Error
=======================            ==========================
a3              = 14.0366          +/- 0.4795       (3.416%)


*******************************************************************************
Tue Mar 17 23:07:00 2020


FIT:    data read from data using 1:col
        format = x:z
        x range restricted to [-54.0000 : 1.00000]
        #datapoints = 55
        residuals are weighted equally (unit weight)

function used for fitting: f(x)
	f(x)=a * exp(b * x)
fitted parameters initialized with current variable values

iter      chisq       delta/lim  lambda   a             b            
   0 1.2491531425e+05   0.00e+00  3.94e+02    2.158000e+03   2.400000e-01
   4 6.0518901478e+04  -8.28e-02  3.94e-02    2.233202e+03   2.242120e-01

After 4 iterations the fit converged.
final sum of squares of residuals : 60518.9
rel. change during last iteration : -8.28497e-07

degrees of freedom    (FIT_NDF)                        : 53
rms of residuals      (FIT_STDFIT) = sqrt(WSSR/ndf)    : 33.7915
variance of residuals (reduced chisquare) = WSSR/ndf   : 1141.87

Final set of parameters            Asymptotic Standard Error
=======================            ==========================
a               = 2233.2           +/- 26.01        (1.165%)
b               = 0.224212         +/- 0.004117     (1.836%)

correlation matrix of the fit parameters:
                a      b      
a               1.000 
b               0.624  1.000 


*******************************************************************************
Tue Mar 17 23:07:00 2020


FIT:    data read from data using 1:col
        format = x:z
        x range restricted to [-54.0000 : 1.00000]
        #datapoints = 55
        residuals are weighted equally (unit weight)

function used for fitting: f2(x)
	f2(x)=a2 * exp(log(2)/2 * x)
fitted parameters initialized with current variable values

iter      chisq       delta/lim  lambda   a2           
   0 1.3690566840e+07   0.00e+00  3.19e+00    1.673008e+01
   3 7.3390327792e+05  -1.86e-05  3.19e-03    2.561987e+03

After 3 iterations the fit converged.
final sum of squares of residuals : 733903
rel. change during last iteration : -1.86035e-10

degrees of freedom    (FIT_NDF)                        : 54
rms of residuals      (FIT_STDFIT) = sqrt(WSSR/ndf)    : 116.58
variance of residuals (reduced chisquare) = WSSR/ndf   : 13590.8

Final set of parameters            Asymptotic Standard Error
=======================            ==========================
a2              = 2561.99          +/- 82.43        (3.218%)


*******************************************************************************
Tue Mar 17 23:07:00 2020


FIT:    data read from data using 1:col
        format = x:z
        x range restricted to [-54.0000 : 1.00000]
        #datapoints = 55
        residuals are weighted equally (unit weight)

function used for fitting: f3(x)
	f3(x)=a3 * exp(log(2)/3 * x)
fitted parameters initialized with current variable values

iter      chisq       delta/lim  lambda   a3           
   0 1.3690565242e+07   0.00e+00  3.11e+00    1.403659e+01
   3 6.3847179450e+04  -2.25e-04  3.11e-03    2.259571e+03

After 3 iterations the fit converged.
final sum of squares of residuals : 63847.2
rel. change during last iteration : -2.249e-09

degrees of freedom    (FIT_NDF)                        : 54
rms of residuals      (FIT_STDFIT) = sqrt(WSSR/ndf)    : 34.3854
variance of residuals (reduced chisquare) = WSSR/ndf   : 1182.36

Final set of parameters            Asymptotic Standard Error
=======================            ==========================
a3              = 2259.57          +/- 20.92        (0.9257%)


*******************************************************************************
Tue Mar 17 23:07:00 2020


FIT:    data read from data using 1:col
        format = x:z
        x range restricted to [-54.0000 : 1.00000]
        #datapoints = 55
        residuals are weighted equally (unit weight)

function used for fitting: f(x)
	f(x)=a * exp(b * x)
fitted parameters initialized with current variable values

iter      chisq       delta/lim  lambda   a             b            
   0 1.7327009345e+04   0.00e+00  6.24e+01    3.420000e+02   2.400000e-01
   5 3.2671436505e+03  -6.58e-04  6.24e+01    3.660827e+02   3.596052e-01

After 5 iterations the fit converged.
final sum of squares of residuals : 3267.14
rel. change during last iteration : -6.57591e-09

degrees of freedom    (FIT_NDF)                        : 53
rms of residuals      (FIT_STDFIT) = sqrt(WSSR/ndf)    : 7.85138
variance of residuals (reduced chisquare) = WSSR/ndf   : 61.6442

Final set of parameters            Asymptotic Standard Error
=======================            ==========================
a               = 366.083          +/- 6.858        (1.873%)
b               = 0.359605         +/- 0.0113       (3.141%)

correlation matrix of the fit parameters:
                a      b      
a               1.000 
b               0.572  1.000 


*******************************************************************************
Tue Mar 17 23:07:00 2020


FIT:    data read from data using 1:col
        format = x:z
        x range restricted to [-54.0000 : 1.00000]
        #datapoints = 55
        residuals are weighted equally (unit weight)

function used for fitting: f2(x)
	f2(x)=a2 * exp(log(2)/2 * x)
fitted parameters initialized with current variable values

iter      chisq       delta/lim  lambda   a2           
   0 9.6885648635e+06   0.00e+00  4.89e+02    2.561987e+03
   3 3.3631821785e+03  -3.03e-03  4.89e-01    3.613958e+02

After 3 iterations the fit converged.
final sum of squares of residuals : 3363.18
rel. change during last iteration : -3.03458e-08

degrees of freedom    (FIT_NDF)                        : 54
rms of residuals      (FIT_STDFIT) = sqrt(WSSR/ndf)    : 7.89184
variance of residuals (reduced chisquare) = WSSR/ndf   : 62.2812

Final set of parameters            Asymptotic Standard Error
=======================            ==========================
a2              = 361.396          +/- 5.58         (1.544%)


*******************************************************************************
Tue Mar 17 23:07:00 2020


FIT:    data read from data using 1:col
        format = x:z
        x range restricted to [-54.0000 : 1.00000]
        #datapoints = 55
        residuals are weighted equally (unit weight)

function used for fitting: f3(x)
	f3(x)=a3 * exp(log(2)/3 * x)
fitted parameters initialized with current variable values

iter      chisq       delta/lim  lambda   a3           
   0 1.0362375569e+07   0.00e+00  5.01e+02    2.259571e+03
   3 1.6552214030e+04  -6.59e-04  5.01e-01    3.029504e+02

After 3 iterations the fit converged.
final sum of squares of residuals : 16552.2
rel. change during last iteration : -6.58642e-09

degrees of freedom    (FIT_NDF)                        : 54
rms of residuals      (FIT_STDFIT) = sqrt(WSSR/ndf)    : 17.5078
variance of residuals (reduced chisquare) = WSSR/ndf   : 306.522

Final set of parameters            Asymptotic Standard Error
=======================            ==========================
a3              = 302.95           +/- 10.65        (3.515%)


*******************************************************************************
Tue Mar 17 23:07:27 2020


FIT:    data read from data using 1:col
        format = x:z
        x range restricted to [-54.0000 : 1.00000]
        #datapoints = 55
        residuals are weighted equally (unit weight)

function used for fitting: f(x)
	f(x)=a * exp(b * x)
fitted parameters initialized with current variable values

iter      chisq       delta/lim  lambda   a             b            
   0 4.8144208254e+01   0.00e+00  3.10e+00    1.700000e+01   2.400000e-01
   4 6.0337706118e+00  -2.94e-11  3.10e+04    1.693441e+01   3.588511e-01

After 4 iterations the fit converged.
final sum of squares of residuals : 6.03377
rel. change during last iteration : -2.94402e-16

degrees of freedom    (FIT_NDF)                        : 53
rms of residuals      (FIT_STDFIT) = sqrt(WSSR/ndf)    : 0.337409
variance of residuals (reduced chisquare) = WSSR/ndf   : 0.113845

Final set of parameters            Asymptotic Standard Error
=======================            ==========================
a               = 16.9344          +/- 0.2946       (1.739%)
b               = 0.358851         +/- 0.01046      (2.916%)

correlation matrix of the fit parameters:
                a      b      
a               1.000 
b               0.573  1.000 


*******************************************************************************
Tue Mar 17 23:07:27 2020


FIT:    data read from data using 1:col
        format = x:z
        x range restricted to [-54.0000 : 1.00000]
        #datapoints = 55
        residuals are weighted equally (unit weight)

function used for fitting: f2(x)
	f2(x)=a2 * exp(log(2)/2 * x)
fitted parameters initialized with current variable values

iter      chisq       delta/lim  lambda   a2           
   0 5.0107968978e+02   0.00e+00  1.91e-01    1.000000e+00
   3 6.2090100612e+00  -8.40e-05  1.91e-04    1.673008e+01

After 3 iterations the fit converged.
final sum of squares of residuals : 6.20901
rel. change during last iteration : -8.39866e-10

degrees of freedom    (FIT_NDF)                        : 54
rms of residuals      (FIT_STDFIT) = sqrt(WSSR/ndf)    : 0.339089
variance of residuals (reduced chisquare) = WSSR/ndf   : 0.114982

Final set of parameters            Asymptotic Standard Error
=======================            ==========================
a2              = 16.7301          +/- 0.2398       (1.433%)


*******************************************************************************
Tue Mar 17 23:07:27 2020


FIT:    data read from data using 1:col
        format = x:z
        x range restricted to [-54.0000 : 1.00000]
        #datapoints = 55
        residuals are weighted equally (unit weight)

function used for fitting: f3(x)
	f3(x)=a3 * exp(log(2)/3 * x)
fitted parameters initialized with current variable values

iter      chisq       delta/lim  lambda   a3           
   0 4.9283702968e+02   0.00e+00  2.22e-01    1.000000e+00
   3 3.3554214677e+01  -1.44e-05  2.22e-04    1.403659e+01

After 3 iterations the fit converged.
final sum of squares of residuals : 33.5542
rel. change during last iteration : -1.44236e-10

degrees of freedom    (FIT_NDF)                        : 54
rms of residuals      (FIT_STDFIT) = sqrt(WSSR/ndf)    : 0.788273
variance of residuals (reduced chisquare) = WSSR/ndf   : 0.621374

Final set of parameters            Asymptotic Standard Error
=======================            ==========================
a3              = 14.0366          +/- 0.4795       (3.416%)


*******************************************************************************
Tue Mar 17 23:07:27 2020


FIT:    data read from data using 1:col
        format = x:z
        x range restricted to [-54.0000 : 1.00000]
        #datapoints = 55
        residuals are weighted equally (unit weight)

function used for fitting: f(x)
	f(x)=a * exp(b * x)
fitted parameters initialized with current variable values

iter      chisq       delta/lim  lambda   a             b            
   0 1.2491531425e+05   0.00e+00  3.94e+02    2.158000e+03   2.400000e-01
   4 6.0518901478e+04  -8.28e-02  3.94e-02    2.233202e+03   2.242120e-01

After 4 iterations the fit converged.
final sum of squares of residuals : 60518.9
rel. change during last iteration : -8.28497e-07

degrees of freedom    (FIT_NDF)                        : 53
rms of residuals      (FIT_STDFIT) = sqrt(WSSR/ndf)    : 33.7915
variance of residuals (reduced chisquare) = WSSR/ndf   : 1141.87

Final set of parameters            Asymptotic Standard Error
=======================            ==========================
a               = 2233.2           +/- 26.01        (1.165%)
b               = 0.224212         +/- 0.004117     (1.836%)

correlation matrix of the fit parameters:
                a      b      
a               1.000 
b               0.624  1.000 


*******************************************************************************
Tue Mar 17 23:07:27 2020


FIT:    data read from data using 1:col
        format = x:z
        x range restricted to [-54.0000 : 1.00000]
        #datapoints = 55
        residuals are weighted equally (unit weight)

function used for fitting: f2(x)
	f2(x)=a2 * exp(log(2)/2 * x)
fitted parameters initialized with current variable values

iter      chisq       delta/lim  lambda   a2           
   0 1.3690566840e+07   0.00e+00  3.19e+00    1.673008e+01
   3 7.3390327792e+05  -1.86e-05  3.19e-03    2.561987e+03

After 3 iterations the fit converged.
final sum of squares of residuals : 733903
rel. change during last iteration : -1.86035e-10

degrees of freedom    (FIT_NDF)                        : 54
rms of residuals      (FIT_STDFIT) = sqrt(WSSR/ndf)    : 116.58
variance of residuals (reduced chisquare) = WSSR/ndf   : 13590.8

Final set of parameters            Asymptotic Standard Error
=======================            ==========================
a2              = 2561.99          +/- 82.43        (3.218%)


*******************************************************************************
Tue Mar 17 23:07:27 2020


FIT:    data read from data using 1:col
        format = x:z
        x range restricted to [-54.0000 : 1.00000]
        #datapoints = 55
        residuals are weighted equally (unit weight)

function used for fitting: f3(x)
	f3(x)=a3 * exp(log(2)/3 * x)
fitted parameters initialized with current variable values

iter      chisq       delta/lim  lambda   a3           
   0 1.3690565242e+07   0.00e+00  3.11e+00    1.403659e+01
   3 6.3847179450e+04  -2.25e-04  3.11e-03    2.259571e+03

After 3 iterations the fit converged.
final sum of squares of residuals : 63847.2
rel. change during last iteration : -2.249e-09

degrees of freedom    (FIT_NDF)                        : 54
rms of residuals      (FIT_STDFIT) = sqrt(WSSR/ndf)    : 34.3854
variance of residuals (reduced chisquare) = WSSR/ndf   : 1182.36

Final set of parameters            Asymptotic Standard Error
=======================            ==========================
a3              = 2259.57          +/- 20.92        (0.9257%)


*******************************************************************************
Tue Mar 17 23:07:28 2020


FIT:    data read from data using 1:col
        format = x:z
        x range restricted to [-54.0000 : 1.00000]
        #datapoints = 55
        residuals are weighted equally (unit weight)

function used for fitting: f(x)
	f(x)=a * exp(b * x)
fitted parameters initialized with current variable values

iter      chisq       delta/lim  lambda   a             b            
   0 1.7327009345e+04   0.00e+00  6.24e+01    3.420000e+02   2.400000e-01
   5 3.2671436505e+03  -6.58e-04  6.24e+01    3.660827e+02   3.596052e-01

After 5 iterations the fit converged.
final sum of squares of residuals : 3267.14
rel. change during last iteration : -6.57591e-09

degrees of freedom    (FIT_NDF)                        : 53
rms of residuals      (FIT_STDFIT) = sqrt(WSSR/ndf)    : 7.85138
variance of residuals (reduced chisquare) = WSSR/ndf   : 61.6442

Final set of parameters            Asymptotic Standard Error
=======================            ==========================
a               = 366.083          +/- 6.858        (1.873%)
b               = 0.359605         +/- 0.0113       (3.141%)

correlation matrix of the fit parameters:
                a      b      
a               1.000 
b               0.572  1.000 


*******************************************************************************
Tue Mar 17 23:07:28 2020


FIT:    data read from data using 1:col
        format = x:z
        x range restricted to [-54.0000 : 1.00000]
        #datapoints = 55
        residuals are weighted equally (unit weight)

function used for fitting: f2(x)
	f2(x)=a2 * exp(log(2)/2 * x)
fitted parameters initialized with current variable values

iter      chisq       delta/lim  lambda   a2           
   0 9.6885648635e+06   0.00e+00  4.89e+02    2.561987e+03
   3 3.3631821785e+03  -3.03e-03  4.89e-01    3.613958e+02

After 3 iterations the fit converged.
final sum of squares of residuals : 3363.18
rel. change during last iteration : -3.03458e-08

degrees of freedom    (FIT_NDF)                        : 54
rms of residuals      (FIT_STDFIT) = sqrt(WSSR/ndf)    : 7.89184
variance of residuals (reduced chisquare) = WSSR/ndf   : 62.2812

Final set of parameters            Asymptotic Standard Error
=======================            ==========================
a2              = 361.396          +/- 5.58         (1.544%)


*******************************************************************************
Tue Mar 17 23:07:28 2020


FIT:    data read from data using 1:col
        format = x:z
        x range restricted to [-54.0000 : 1.00000]
        #datapoints = 55
        residuals are weighted equally (unit weight)

function used for fitting: f3(x)
	f3(x)=a3 * exp(log(2)/3 * x)
fitted parameters initialized with current variable values

iter      chisq       delta/lim  lambda   a3           
   0 1.0362375569e+07   0.00e+00  5.01e+02    2.259571e+03
   3 1.6552214030e+04  -6.59e-04  5.01e-01    3.029504e+02

After 3 iterations the fit converged.
final sum of squares of residuals : 16552.2
rel. change during last iteration : -6.58642e-09

degrees of freedom    (FIT_NDF)                        : 54
rms of residuals      (FIT_STDFIT) = sqrt(WSSR/ndf)    : 17.5078
variance of residuals (reduced chisquare) = WSSR/ndf   : 306.522

Final set of parameters            Asymptotic Standard Error
=======================            ==========================
a3              = 302.95           +/- 10.65        (3.515%)


*******************************************************************************
Tue Mar 17 23:11:29 2020


FIT:    data read from data using 1:col
        format = x:z
        x range restricted to [-54.0000 : 1.00000]
        #datapoints = 55
        residuals are weighted equally (unit weight)

function used for fitting: f(x)
	f(x)=a * exp(b * x)
fitted parameters initialized with current variable values

iter      chisq       delta/lim  lambda   a             b            
   0 4.8144208254e+01   0.00e+00  3.10e+00    1.700000e+01   2.400000e-01
   4 6.0337706118e+00  -2.94e-11  3.10e+04    1.693441e+01   3.588511e-01

After 4 iterations the fit converged.
final sum of squares of residuals : 6.03377
rel. change during last iteration : -2.94402e-16

degrees of freedom    (FIT_NDF)                        : 53
rms of residuals      (FIT_STDFIT) = sqrt(WSSR/ndf)    : 0.337409
variance of residuals (reduced chisquare) = WSSR/ndf   : 0.113845

Final set of parameters            Asymptotic Standard Error
=======================            ==========================
a               = 16.9344          +/- 0.2946       (1.739%)
b               = 0.358851         +/- 0.01046      (2.916%)

correlation matrix of the fit parameters:
                a      b      
a               1.000 
b               0.573  1.000 


*******************************************************************************
Tue Mar 17 23:11:29 2020


FIT:    data read from data using 1:col
        format = x:z
        x range restricted to [-54.0000 : 1.00000]
        #datapoints = 55
        residuals are weighted equally (unit weight)

function used for fitting: f2(x)
	f2(x)=a2 * exp(log(2)/2 * x)
fitted parameters initialized with current variable values

iter      chisq       delta/lim  lambda   a2           
   0 5.0107968978e+02   0.00e+00  1.91e-01    1.000000e+00
   3 6.2090100612e+00  -8.40e-05  1.91e-04    1.673008e+01

After 3 iterations the fit converged.
final sum of squares of residuals : 6.20901
rel. change during last iteration : -8.39866e-10

degrees of freedom    (FIT_NDF)                        : 54
rms of residuals      (FIT_STDFIT) = sqrt(WSSR/ndf)    : 0.339089
variance of residuals (reduced chisquare) = WSSR/ndf   : 0.114982

Final set of parameters            Asymptotic Standard Error
=======================            ==========================
a2              = 16.7301          +/- 0.2398       (1.433%)


*******************************************************************************
Tue Mar 17 23:11:29 2020


FIT:    data read from data using 1:col
        format = x:z
        x range restricted to [-54.0000 : 1.00000]
        #datapoints = 55
        residuals are weighted equally (unit weight)

function used for fitting: f3(x)
	f3(x)=a3 * exp(log(2)/3 * x)
fitted parameters initialized with current variable values

iter      chisq       delta/lim  lambda   a3           
   0 4.9283702968e+02   0.00e+00  2.22e-01    1.000000e+00
   3 3.3554214677e+01  -1.44e-05  2.22e-04    1.403659e+01

After 3 iterations the fit converged.
final sum of squares of residuals : 33.5542
rel. change during last iteration : -1.44236e-10

degrees of freedom    (FIT_NDF)                        : 54
rms of residuals      (FIT_STDFIT) = sqrt(WSSR/ndf)    : 0.788273
variance of residuals (reduced chisquare) = WSSR/ndf   : 0.621374

Final set of parameters            Asymptotic Standard Error
=======================            ==========================
a3              = 14.0366          +/- 0.4795       (3.416%)


*******************************************************************************
Tue Mar 17 23:11:29 2020


FIT:    data read from data using 1:col
        format = x:z
        x range restricted to [-54.0000 : 1.00000]
        #datapoints = 55
        residuals are weighted equally (unit weight)

function used for fitting: f(x)
	f(x)=a * exp(b * x)
fitted parameters initialized with current variable values

iter      chisq       delta/lim  lambda   a             b            
   0 1.2491531425e+05   0.00e+00  3.94e+02    2.158000e+03   2.400000e-01
   4 6.0518901478e+04  -8.28e-02  3.94e-02    2.233202e+03   2.242120e-01

After 4 iterations the fit converged.
final sum of squares of residuals : 60518.9
rel. change during last iteration : -8.28497e-07

degrees of freedom    (FIT_NDF)                        : 53
rms of residuals      (FIT_STDFIT) = sqrt(WSSR/ndf)    : 33.7915
variance of residuals (reduced chisquare) = WSSR/ndf   : 1141.87

Final set of parameters            Asymptotic Standard Error
=======================            ==========================
a               = 2233.2           +/- 26.01        (1.165%)
b               = 0.224212         +/- 0.004117     (1.836%)

correlation matrix of the fit parameters:
                a      b      
a               1.000 
b               0.624  1.000 


*******************************************************************************
Tue Mar 17 23:11:29 2020


FIT:    data read from data using 1:col
        format = x:z
        x range restricted to [-54.0000 : 1.00000]
        #datapoints = 55
        residuals are weighted equally (unit weight)

function used for fitting: f2(x)
	f2(x)=a2 * exp(log(2)/2 * x)
fitted parameters initialized with current variable values

iter      chisq       delta/lim  lambda   a2           
   0 1.3690566840e+07   0.00e+00  3.19e+00    1.673008e+01
   3 7.3390327792e+05  -1.86e-05  3.19e-03    2.561987e+03

After 3 iterations the fit converged.
final sum of squares of residuals : 733903
rel. change during last iteration : -1.86035e-10

degrees of freedom    (FIT_NDF)                        : 54
rms of residuals      (FIT_STDFIT) = sqrt(WSSR/ndf)    : 116.58
variance of residuals (reduced chisquare) = WSSR/ndf   : 13590.8

Final set of parameters            Asymptotic Standard Error
=======================            ==========================
a2              = 2561.99          +/- 82.43        (3.218%)


*******************************************************************************
Tue Mar 17 23:11:29 2020


FIT:    data read from data using 1:col
        format = x:z
        x range restricted to [-54.0000 : 1.00000]
        #datapoints = 55
        residuals are weighted equally (unit weight)

function used for fitting: f3(x)
	f3(x)=a3 * exp(log(2)/3 * x)
fitted parameters initialized with current variable values

iter      chisq       delta/lim  lambda   a3           
   0 1.3690565242e+07   0.00e+00  3.11e+00    1.403659e+01
   3 6.3847179450e+04  -2.25e-04  3.11e-03    2.259571e+03

After 3 iterations the fit converged.
final sum of squares of residuals : 63847.2
rel. change during last iteration : -2.249e-09

degrees of freedom    (FIT_NDF)                        : 54
rms of residuals      (FIT_STDFIT) = sqrt(WSSR/ndf)    : 34.3854
variance of residuals (reduced chisquare) = WSSR/ndf   : 1182.36

Final set of parameters            Asymptotic Standard Error
=======================            ==========================
a3              = 2259.57          +/- 20.92        (0.9257%)


*******************************************************************************
Tue Mar 17 23:11:29 2020


FIT:    data read from data using 1:col
        format = x:z
        x range restricted to [-54.0000 : 1.00000]
        #datapoints = 55
        residuals are weighted equally (unit weight)

function used for fitting: f(x)
	f(x)=a * exp(b * x)
fitted parameters initialized with current variable values

iter      chisq       delta/lim  lambda   a             b            
   0 1.7327009345e+04   0.00e+00  6.24e+01    3.420000e+02   2.400000e-01
   5 3.2671436505e+03  -6.58e-04  6.24e+01    3.660827e+02   3.596052e-01

After 5 iterations the fit converged.
final sum of squares of residuals : 3267.14
rel. change during last iteration : -6.57591e-09

degrees of freedom    (FIT_NDF)                        : 53
rms of residuals      (FIT_STDFIT) = sqrt(WSSR/ndf)    : 7.85138
variance of residuals (reduced chisquare) = WSSR/ndf   : 61.6442

Final set of parameters            Asymptotic Standard Error
=======================            ==========================
a               = 366.083          +/- 6.858        (1.873%)
b               = 0.359605         +/- 0.0113       (3.141%)

correlation matrix of the fit parameters:
                a      b      
a               1.000 
b               0.572  1.000 


*******************************************************************************
Tue Mar 17 23:11:29 2020


FIT:    data read from data using 1:col
        format = x:z
        x range restricted to [-54.0000 : 1.00000]
        #datapoints = 55
        residuals are weighted equally (unit weight)

function used for fitting: f2(x)
	f2(x)=a2 * exp(log(2)/2 * x)
fitted parameters initialized with current variable values

iter      chisq       delta/lim  lambda   a2           
   0 9.6885648635e+06   0.00e+00  4.89e+02    2.561987e+03
   3 3.3631821785e+03  -3.03e-03  4.89e-01    3.613958e+02

After 3 iterations the fit converged.
final sum of squares of residuals : 3363.18
rel. change during last iteration : -3.03458e-08

degrees of freedom    (FIT_NDF)                        : 54
rms of residuals      (FIT_STDFIT) = sqrt(WSSR/ndf)    : 7.89184
variance of residuals (reduced chisquare) = WSSR/ndf   : 62.2812

Final set of parameters            Asymptotic Standard Error
=======================            ==========================
a2              = 361.396          +/- 5.58         (1.544%)


*******************************************************************************
Tue Mar 17 23:11:29 2020


FIT:    data read from data using 1:col
        format = x:z
        x range restricted to [-54.0000 : 1.00000]
        #datapoints = 55
        residuals are weighted equally (unit weight)

function used for fitting: f3(x)
	f3(x)=a3 * exp(log(2)/3 * x)
fitted parameters initialized with current variable values

iter      chisq       delta/lim  lambda   a3           
   0 1.0362375569e+07   0.00e+00  5.01e+02    2.259571e+03
   3 1.6552214030e+04  -6.59e-04  5.01e-01    3.029504e+02

After 3 iterations the fit converged.
final sum of squares of residuals : 16552.2
rel. change during last iteration : -6.58642e-09

degrees of freedom    (FIT_NDF)                        : 54
rms of residuals      (FIT_STDFIT) = sqrt(WSSR/ndf)    : 17.5078
variance of residuals (reduced chisquare) = WSSR/ndf   : 306.522

Final set of parameters            Asymptotic Standard Error
=======================            ==========================
a3              = 302.95           +/- 10.65        (3.515%)
